Job ID: 17976530 p1718 Thu Mar 12 14:04:53 CET 2020
mcPolymer written by Marco Drache, Georg Drache, Benjamin Hosemann (c) 2008 - 2012, 2014

This program is free software: you can redistribute it and/or modify
it under the terms of the GNU General Public License as published by
the Free Software Foundation, either version 3 of the License, or
(at your option) any later version.
You should have received a copy of the GNU General Public License
along with this program.  If not, see <http://www.gnu.org/licenses/>.

This program is distributed in the hope that it will be useful,
but WITHOUT ANY WARRANTY; without even the implied warranty of
MERCHANTABILITY or FITNESS FOR A PARTICULAR PURPOSE.  See the
GNU General Public License for more details.
You should have received a copy of the GNU General Public License
along with this program.  If not, see <http://www.gnu.org/licenses/>.
PLP plugin initialized ----*
4 species defined:
Name	Type	Concentration / mol/L
M	Monomer	9
I_	Species	1e-7
P_	Macro	0.0	excludeLogDistribution
D	Macro	0.0	excludeLogDistribution

4 rate constants defined:
Name	Value	[Value]	[Value]
kip	120
kp	120
ktd	3e7
ktc	0

4 reactions defined:
Name	Eductlist	-->	Productlist	rate constant
Initiation I_ + M --> P_ kip
Propagation P_ + M --> P_ kp
TerminationDisp P_ + P_ --> D + D ktd
Termination P_ + P_ --> D ktc

register species ok
register rate constants ok
register reactions ok
init Simulation	modeMacro
init Simulation	ok
init polymer analysis
2	D	HlogM
4	D	HlogM
7	D	HlogM
Data Processing initialized
time	 0.0 s	1584018294
time	 0.01 s	1584018297
time	 0.02 s	1584018300
time	 0.03 s	1584018303
time	 0.04 s	1584018305
time	 0.05 s	1584018308
time	 0.06 s	1584018310
time	 0.07 s	1584018312
time	 0.08 s	1584018315
time	 0.09 s	1584018317
time	 0.1 s	1584018319
time	 0.11 s	1584018320
time	 0.12 s	1584018322
time	 0.13 s	1584018324
time	 0.14 s	1584018326
time	 0.15 s	1584018327
time	 0.16 s	1584018329
time	 0.17 s	1584018330
time	 0.18 s	1584018331
time	 0.19 s	1584018333
time	 0.2 s	1584018334
time	 0.21 s	1584018335
time	 0.22 s	1584018337
time	 0.23 s	1584018338
time	 0.24 s	1584018339
time	 0.25 s	1584018340
time	 0.26 s	1584018341
time	 0.27 s	1584018342
time	 0.28 s	1584018343
time	 0.29 s	1584018344
time	 0.3 s	1584018345
time	 0.31 s	1584018346
time	 0.32 s	1584018347
time	 0.33 s	1584018348
time	 0.34 s	1584018349
time	 0.35 s	1584018350
time	 0.36 s	1584018350
time	 0.37 s	1584018351
time	 0.38 s	1584018352
time	 0.39 s	1584018353
time	 0.4 s	1584018354
----* laser pulse: 1 of 16 (burst 1 of 1)
time	 0.41 s	1584018358
time	 0.42 s	1584018362
time	 0.43 s	1584018365
time	 0.44 s	1584018368
time	 0.45 s	1584018371
time	 0.46 s	1584018374
time	 0.47 s	1584018377
time	 0.48 s	1584018380
time	 0.49 s	1584018382
time	 0.5 s	1584018384
time	 0.51 s	1584018386
time	 0.52 s	1584018389
time	 0.53 s	1584018391
time	 0.54 s	1584018392
time	 0.55 s	1584018394
time	 0.56 s	1584018396
time	 0.57 s	1584018398
time	 0.58 s	1584018399
time	 0.59 s	1584018401
time	 0.6 s	1584018402
time	 0.61 s	1584018404
time	 0.62 s	1584018405
time	 0.63 s	1584018406
time	 0.64 s	1584018407
time	 0.65 s	1584018409
time	 0.66 s	1584018410
time	 0.67 s	1584018411
time	 0.68 s	1584018412
time	 0.69 s	1584018413
time	 0.7 s	1584018414
time	 0.71 s	1584018415
time	 0.72 s	1584018416
time	 0.73 s	1584018417
time	 0.74 s	1584018418
time	 0.75 s	1584018419
time	 0.76 s	1584018420
time	 0.77 s	1584018421
time	 0.78 s	1584018422
time	 0.79 s	1584018423
time	 0.8 s	1584018423
----* laser pulse: 2 of 16 (burst 1 of 1)
time	 0.81 s	1584018428
time	 0.82 s	1584018431
time	 0.83 s	1584018435
time	 0.84 s	1584018438
time	 0.85 s	1584018442
time	 0.86 s	1584018444
time	 0.87 s	1584018447
time	 0.88 s	1584018450
time	 0.89 s	1584018452
time	 0.9 s	1584018455
time	 0.91 s	1584018457
time	 0.92 s	1584018459
time	 0.93 s	1584018461
time	 0.94 s	1584018463
time	 0.95 s	1584018464
time	 0.96 s	1584018466
time	 0.97 s	1584018468
time	 0.98 s	1584018469
time	 0.99 s	1584018471
time	 1.0 s	1584018472
time	 1.01 s	1584018474
time	 1.02 s	1584018475
time	 1.03 s	1584018476
time	 1.04 s	1584018478
time	 1.05 s	1584018479
time	 1.06 s	1584018480
time	 1.07 s	1584018481
time	 1.08 s	1584018483
time	 1.09 s	1584018484
time	 1.1 s	1584018485
time	 1.11 s	1584018486
time	 1.12 s	1584018487
time	 1.13 s	1584018488
time	 1.14 s	1584018489
time	 1.15 s	1584018489
time	 1.16 s	1584018490
time	 1.17 s	1584018491
time	 1.18 s	1584018492
time	 1.19 s	1584018493
time	 1.2 s	1584018494
----* laser pulse: 3 of 16 (burst 1 of 1)
time	 1.21 s	1584018498
time	 1.22 s	1584018502
time	 1.23 s	1584018505
time	 1.24 s	1584018509
time	 1.25 s	1584018512
time	 1.26 s	1584018515
time	 1.27 s	1584018517
time	 1.28 s	1584018520
time	 1.29 s	1584018522
time	 1.3 s	1584018525
time	 1.31 s	1584018527
time	 1.32 s	1584018529
time	 1.33 s	1584018531
time	 1.34 s	1584018533
time	 1.35 s	1584018535
time	 1.36 s	1584018536
time	 1.37 s	1584018538
time	 1.38 s	1584018540
time	 1.39 s	1584018541
time	 1.4 s	1584018543
time	 1.41 s	1584018544
time	 1.42 s	1584018545
time	 1.43 s	1584018547
time	 1.44 s	1584018548
time	 1.45 s	1584018549
time	 1.46 s	1584018550
time	 1.47 s	1584018552
time	 1.48 s	1584018553
time	 1.49 s	1584018554
time	 1.5 s	1584018555
time	 1.51 s	1584018556
time	 1.52 s	1584018557
time	 1.53 s	1584018558
time	 1.54 s	1584018559
time	 1.55 s	1584018559
time	 1.56 s	1584018560
time	 1.57 s	1584018561
time	 1.58 s	1584018562
time	 1.59 s	1584018563
time	 1.6 s	1584018564
----* laser pulse: 4 of 16 (burst 1 of 1)
time	 1.61 s	1584018568
time	 1.62 s	1584018572
time	 1.63 s	1584018576
time	 1.64 s	1584018580
time	 1.65 s	1584018583
time	 1.66 s	1584018586
time	 1.67 s	1584018589
time	 1.68 s	1584018592
time	 1.69 s	1584018594
time	 1.7 s	1584018597
time	 1.71 s	1584018599
time	 1.72 s	1584018601
time	 1.73 s	1584018604
time	 1.74 s	1584018606
time	 1.75 s	1584018607
time	 1.76 s	1584018609
time	 1.77 s	1584018611
time	 1.78 s	1584018613
time	 1.79 s	1584018615
time	 1.8 s	1584018616
time	 1.81 s	1584018618
time	 1.82 s	1584018619
time	 1.83 s	1584018621
time	 1.84 s	1584018622
time	 1.85 s	1584018623
time	 1.86 s	1584018625
time	 1.87 s	1584018626
time	 1.88 s	1584018627
time	 1.89 s	1584018628
time	 1.9 s	1584018629
time	 1.91 s	1584018631
time	 1.92 s	1584018632
time	 1.93 s	1584018633
time	 1.94 s	1584018634
time	 1.95 s	1584018635
time	 1.96 s	1584018636
time	 1.97 s	1584018637
time	 1.98 s	1584018638
time	 1.99 s	1584018639
time	 2.0 s	1584018639
----* laser pulse: 5 of 16 (burst 1 of 1)
time	 2.01 s	1584018648
time	 2.02 s	1584018652
time	 2.03 s	1584018656
time	 2.04 s	1584018659
time	 2.05 s	1584018662
time	 2.06 s	1584018665
time	 2.07 s	1584018668
time	 2.08 s	1584018671
time	 2.09 s	1584018674
time	 2.1 s	1584018676
time	 2.11 s	1584018678
time	 2.12 s	1584018681
time	 2.13 s	1584018683
time	 2.14 s	1584018685
time	 2.15 s	1584018687
time	 2.16 s	1584018689
time	 2.17 s	1584018690
time	 2.18 s	1584018692
time	 2.19 s	1584018694
time	 2.2 s	1584018695
time	 2.21 s	1584018697
time	 2.22 s	1584018698
time	 2.23 s	1584018700
time	 2.24 s	1584018701
time	 2.25 s	1584018702
time	 2.26 s	1584018704
time	 2.27 s	1584018705
time	 2.28 s	1584018706
time	 2.29 s	1584018707
time	 2.3 s	1584018708
time	 2.31 s	1584018710
time	 2.32 s	1584018711
time	 2.33 s	1584018712
time	 2.34 s	1584018713
time	 2.35 s	1584018714
time	 2.36 s	1584018715
time	 2.37 s	1584018716
time	 2.38 s	1584018716
time	 2.39 s	1584018717
time	 2.4 s	1584018718
----* laser pulse: 6 of 16 (burst 1 of 1)
time	 2.41 s	1584018723
time	 2.42 s	1584018727
time	 2.43 s	1584018731
time	 2.44 s	1584018734
time	 2.45 s	1584018738
time	 2.46 s	1584018741
time	 2.47 s	1584018744
time	 2.48 s	1584018747
time	 2.49 s	1584018749
time	 2.5 s	1584018752
time	 2.51 s	1584018754
time	 2.52 s	1584018756
time	 2.53 s	1584018759
time	 2.54 s	1584018761
time	 2.55 s	1584018763
time	 2.56 s	1584018764
time	 2.57 s	1584018766
time	 2.58 s	1584018768
time	 2.59 s	1584018770
time	 2.6 s	1584018771
time	 2.61 s	1584018773
time	 2.62 s	1584018774
time	 2.63 s	1584018776
time	 2.64 s	1584018777
time	 2.65 s	1584018779
time	 2.66 s	1584018780
time	 2.67 s	1584018781
time	 2.68 s	1584018782
time	 2.69 s	1584018784
time	 2.7 s	1584018785
time	 2.71 s	1584018786
time	 2.72 s	1584018787
time	 2.73 s	1584018788
time	 2.74 s	1584018789
time	 2.75 s	1584018790
time	 2.76 s	1584018791
time	 2.77 s	1584018792
time	 2.78 s	1584018793
time	 2.79 s	1584018794
time	 2.8 s	1584018795
----* laser pulse: 7 of 16 (burst 1 of 1)
time	 2.81 s	1584018799
time	 2.82 s	1584018803
time	 2.83 s	1584018807
time	 2.84 s	1584018810
time	 2.85 s	1584018814
time	 2.86 s	1584018817
time	 2.87 s	1584018819
time	 2.88 s	1584018822
time	 2.89 s	1584018825
time	 2.9 s	1584018827
time	 2.91 s	1584018829
time	 2.92 s	1584018831
time	 2.93 s	1584018833
time	 2.94 s	1584018835
time	 2.95 s	1584018837
time	 2.96 s	1584018839
time	 2.97 s	1584018841
time	 2.98 s	1584018842
time	 2.99 s	1584018844
time	 3.0 s	1584018845
time	 3.01 s	1584018847
time	 3.02 s	1584018848
time	 3.03 s	1584018849
time	 3.04 s	1584018851
time	 3.05 s	1584018852
time	 3.06 s	1584018853
time	 3.07 s	1584018854
time	 3.08 s	1584018856
time	 3.09 s	1584018857
time	 3.1 s	1584018858
time	 3.11 s	1584018859
time	 3.12 s	1584018860
time	 3.13 s	1584018861
time	 3.14 s	1584018862
time	 3.15 s	1584018863
time	 3.16 s	1584018864
time	 3.17 s	1584018865
time	 3.18 s	1584018865
time	 3.19 s	1584018866
time	 3.2 s	1584018867
----* laser pulse: 8 of 16 (burst 1 of 1)
time	 3.21 s	1584018871
time	 3.22 s	1584018875
time	 3.23 s	1584018879
time	 3.24 s	1584018882
time	 3.25 s	1584018886
time	 3.26 s	1584018888
time	 3.27 s	1584018891
time	 3.28 s	1584018894
time	 3.29 s	1584018896
time	 3.3 s	1584018899
time	 3.31 s	1584018901
time	 3.32 s	1584018903
time	 3.33 s	1584018905
time	 3.34 s	1584018907
time	 3.35 s	1584018909
time	 3.36 s	1584018910
time	 3.37 s	1584018912
time	 3.38 s	1584018914
time	 3.39 s	1584018915
time	 3.4 s	1584018917
time	 3.41 s	1584018918
time	 3.42 s	1584018920
time	 3.43 s	1584018921
time	 3.44 s	1584018922
time	 3.45 s	1584018923
time	 3.46 s	1584018925
time	 3.47 s	1584018926
time	 3.48 s	1584018927
time	 3.49 s	1584018928
time	 3.5 s	1584018929
time	 3.51 s	1584018930
time	 3.52 s	1584018931
time	 3.53 s	1584018932
time	 3.54 s	1584018933
time	 3.55 s	1584018934
time	 3.56 s	1584018935
time	 3.57 s	1584018936
time	 3.58 s	1584018937
time	 3.59 s	1584018937
time	 3.6 s	1584018938
----* laser pulse: 9 of 16 (burst 1 of 1)
time	 3.61 s	1584018943
time	 3.62 s	1584018947
time	 3.63 s	1584018950
time	 3.64 s	1584018954
time	 3.65 s	1584018957
time	 3.66 s	1584018960
time	 3.67 s	1584018963
time	 3.68 s	1584018966
time	 3.69 s	1584018968
time	 3.7 s	1584018971
time	 3.71 s	1584018973
time	 3.72 s	1584018975
time	 3.73 s	1584018977
time	 3.74 s	1584018979
time	 3.75 s	1584018981
time	 3.76 s	1584018983
time	 3.77 s	1584018984
time	 3.78 s	1584018986
time	 3.79 s	1584018988
time	 3.8 s	1584018989
time	 3.81 s	1584018991
time	 3.82 s	1584018992
time	 3.83 s	1584018994
time	 3.84 s	1584018995
time	 3.85 s	1584018996
time	 3.86 s	1584018997
time	 3.87 s	1584018999
time	 3.88 s	1584019000
time	 3.89 s	1584019001
time	 3.9 s	1584019002
time	 3.91 s	1584019003
time	 3.92 s	1584019004
time	 3.93 s	1584019005
time	 3.94 s	1584019006
time	 3.95 s	1584019007
time	 3.96 s	1584019008
time	 3.97 s	1584019009
time	 3.98 s	1584019010
time	 3.99 s	1584019011
time	 4.0 s	1584019012
----* laser pulse: 10 of 16 (burst 1 of 1)
time	 4.01 s	1584019025
time	 4.02 s	1584019029
time	 4.03 s	1584019032
time	 4.04 s	1584019036
time	 4.05 s	1584019039
time	 4.06 s	1584019042
time	 4.07 s	1584019045
time	 4.08 s	1584019047
time	 4.09 s	1584019050
time	 4.1 s	1584019052
time	 4.11 s	1584019054
time	 4.12 s	1584019056
time	 4.13 s	1584019058
time	 4.14 s	1584019060
time	 4.15 s	1584019062
time	 4.16 s	1584019064
time	 4.17 s	1584019065
time	 4.18 s	1584019067
time	 4.19 s	1584019069
time	 4.2 s	1584019070
time	 4.21 s	1584019071
time	 4.22 s	1584019073
time	 4.23 s	1584019074
time	 4.24 s	1584019076
time	 4.25 s	1584019077
time	 4.26 s	1584019078
time	 4.27 s	1584019079
time	 4.28 s	1584019080
time	 4.29 s	1584019081
time	 4.3 s	1584019082
time	 4.31 s	1584019083
time	 4.32 s	1584019084
time	 4.33 s	1584019085
time	 4.34 s	1584019086
time	 4.35 s	1584019087
time	 4.36 s	1584019088
time	 4.37 s	1584019089
time	 4.38 s	1584019090
time	 4.39 s	1584019091
time	 4.4 s	1584019092
----* laser pulse: 11 of 16 (burst 1 of 1)
time	 4.41 s	1584019096
time	 4.42 s	1584019100
time	 4.43 s	1584019103
time	 4.44 s	1584019107
time	 4.45 s	1584019110
time	 4.46 s	1584019113
time	 4.47 s	1584019116
time	 4.48 s	1584019118
time	 4.49 s	1584019121
time	 4.5 s	1584019123
time	 4.51 s	1584019125
time	 4.52 s	1584019127
time	 4.53 s	1584019129
time	 4.54 s	1584019131
time	 4.55 s	1584019133
time	 4.56 s	1584019135
time	 4.57 s	1584019136
time	 4.58 s	1584019138
time	 4.59 s	1584019140
time	 4.6 s	1584019141
time	 4.61 s	1584019143
time	 4.62 s	1584019144
time	 4.63 s	1584019145
time	 4.64 s	1584019147
time	 4.65 s	1584019148
time	 4.66 s	1584019149
time	 4.67 s	1584019150
time	 4.68 s	1584019151
time	 4.69 s	1584019152
time	 4.7 s	1584019153
time	 4.71 s	1584019154
time	 4.72 s	1584019155
time	 4.73 s	1584019156
time	 4.74 s	1584019157
time	 4.75 s	1584019158
time	 4.76 s	1584019159
time	 4.77 s	1584019160
time	 4.78 s	1584019161
time	 4.79 s	1584019162
time	 4.8 s	1584019162
----* laser pulse: 12 of 16 (burst 1 of 1)
time	 4.81 s	1584019167
time	 4.82 s	1584019171
time	 4.83 s	1584019175
time	 4.84 s	1584019178
time	 4.85 s	1584019181
time	 4.86 s	1584019184
time	 4.87 s	1584019187
time	 4.88 s	1584019190
time	 4.89 s	1584019192
time	 4.9 s	1584019195
time	 4.91 s	1584019197
time	 4.92 s	1584019199
time	 4.93 s	1584019201
time	 4.94 s	1584019203
time	 4.95 s	1584019205
time	 4.96 s	1584019207
time	 4.97 s	1584019209
time	 4.98 s	1584019210
time	 4.99 s	1584019212
time	 5.0 s	1584019214
time	 5.01 s	1584019215
time	 5.02 s	1584019217
time	 5.03 s	1584019218
time	 5.04 s	1584019219
time	 5.05 s	1584019221
time	 5.06 s	1584019222
time	 5.07 s	1584019223
time	 5.08 s	1584019224
time	 5.09 s	1584019225
time	 5.1 s	1584019226
time	 5.11 s	1584019227
time	 5.12 s	1584019229
time	 5.13 s	1584019230
time	 5.14 s	1584019231
time	 5.15 s	1584019232
time	 5.16 s	1584019232
time	 5.17 s	1584019233
time	 5.18 s	1584019234
time	 5.19 s	1584019235
time	 5.2 s	1584019236
----* laser pulse: 13 of 16 (burst 1 of 1)
time	 5.21 s	1584019241
time	 5.22 s	1584019245
time	 5.23 s	1584019249
time	 5.24 s	1584019252
time	 5.25 s	1584019256
time	 5.26 s	1584019259
time	 5.27 s	1584019262
time	 5.28 s	1584019264
time	 5.29 s	1584019267
time	 5.3 s	1584019270
time	 5.31 s	1584019272
time	 5.32 s	1584019274
time	 5.33 s	1584019276
time	 5.34 s	1584019278
time	 5.35 s	1584019280
time	 5.36 s	1584019282
time	 5.37 s	1584019284
time	 5.38 s	1584019286
time	 5.39 s	1584019288
time	 5.4 s	1584019289
time	 5.41 s	1584019291
time	 5.42 s	1584019292
time	 5.43 s	1584019294
time	 5.44 s	1584019295
time	 5.45 s	1584019296
time	 5.46 s	1584019298
time	 5.47 s	1584019299
time	 5.48 s	1584019300
time	 5.49 s	1584019301
time	 5.5 s	1584019303
time	 5.51 s	1584019304
time	 5.52 s	1584019305
time	 5.53 s	1584019306
time	 5.54 s	1584019307
time	 5.55 s	1584019308
time	 5.56 s	1584019309
time	 5.57 s	1584019310
time	 5.58 s	1584019311
time	 5.59 s	1584019312
time	 5.6 s	1584019313
----* laser pulse: 14 of 16 (burst 1 of 1)
time	 5.61 s	1584019317
time	 5.62 s	1584019321
time	 5.63 s	1584019325
time	 5.64 s	1584019328
time	 5.65 s	1584019331
time	 5.66 s	1584019334
time	 5.67 s	1584019337
time	 5.68 s	1584019340
time	 5.69 s	1584019342
time	 5.7 s	1584019345
time	 5.71 s	1584019347
time	 5.72 s	1584019349
time	 5.73 s	1584019351
time	 5.74 s	1584019353
time	 5.75 s	1584019355
time	 5.76 s	1584019357
time	 5.77 s	1584019358
time	 5.78 s	1584019360
time	 5.79 s	1584019361
time	 5.8 s	1584019363
time	 5.81 s	1584019364
time	 5.82 s	1584019366
time	 5.83 s	1584019367
time	 5.84 s	1584019369
time	 5.85 s	1584019370
time	 5.86 s	1584019371
time	 5.87 s	1584019372
time	 5.88 s	1584019373
time	 5.89 s	1584019375
time	 5.9 s	1584019376
time	 5.91 s	1584019377
time	 5.92 s	1584019378
time	 5.93 s	1584019379
time	 5.94 s	1584019380
time	 5.95 s	1584019381
time	 5.96 s	1584019382
time	 5.97 s	1584019383
time	 5.98 s	1584019383
time	 5.99 s	1584019384
time	 6.0 s	1584019385
----* laser pulse: 15 of 16 (burst 1 of 1)
time	 6.01 s	1584019390
time	 6.02 s	1584019394
time	 6.03 s	1584019397
time	 6.04 s	1584019400
time	 6.05 s	1584019404
time	 6.06 s	1584019407
time	 6.07 s	1584019409
time	 6.08 s	1584019412
time	 6.09 s	1584019414
time	 6.1 s	1584019417
time	 6.11 s	1584019419
time	 6.12 s	1584019421
time	 6.13 s	1584019423
time	 6.14 s	1584019425
time	 6.15 s	1584019427
time	 6.16 s	1584019428
time	 6.17 s	1584019430
time	 6.18 s	1584019432
time	 6.19 s	1584019433
time	 6.2 s	1584019435
time	 6.21 s	1584019436
time	 6.22 s	1584019438
time	 6.23 s	1584019439
time	 6.24 s	1584019440
time	 6.25 s	1584019442
time	 6.26 s	1584019443
time	 6.27 s	1584019444
time	 6.28 s	1584019445
time	 6.29 s	1584019446
time	 6.3 s	1584019447
time	 6.31 s	1584019448
time	 6.32 s	1584019449
time	 6.33 s	1584019450
time	 6.34 s	1584019451
time	 6.35 s	1584019452
time	 6.36 s	1584019453
time	 6.37 s	1584019454
time	 6.38 s	1584019455
time	 6.39 s	1584019456
time	 6.4 s	1584019457
time	 6.41 s	1584019457
time	 6.42 s	1584019458
time	 6.43 s	1584019459
time	 6.44 s	1584019460
time	 6.45 s	1584019460
time	 6.46 s	1584019461
time	 6.47 s	1584019462
time	 6.48 s	1584019462
time	 6.49 s	1584019463
time	 6.5 s	1584019464
time	 6.51 s	1584019464
time	 6.52 s	1584019465
time	 6.53 s	1584019466
time	 6.54 s	1584019466
time	 6.55 s	1584019467
time	 6.56 s	1584019467
time	 6.57 s	1584019468
time	 6.58 s	1584019469
time	 6.59 s	1584019469
time	 6.6 s	1584019470
time	 6.61 s	1584019470
time	 6.62 s	1584019471
time	 6.63 s	1584019471
time	 6.64 s	1584019472
time	 6.65 s	1584019472
time	 6.66 s	1584019473
time	 6.67 s	1584019473
time	 6.68 s	1584019474
time	 6.69 s	1584019474
time	 6.7 s	1584019475
time	 6.71 s	1584019475
time	 6.72 s	1584019476
time	 6.73 s	1584019476
time	 6.74 s	1584019476
time	 6.75 s	1584019477
time	 6.76 s	1584019477
time	 6.77 s	1584019478
time	 6.78 s	1584019478
time	 6.79 s	1584019479
time	 6.8 s	1584019479
time	 6.81 s	1584019479
time	 6.82 s	1584019480
time	 6.83 s	1584019480
time	 6.84 s	1584019480
time	 6.85 s	1584019481
time	 6.86 s	1584019481
time	 6.87 s	1584019482
time	 6.88 s	1584019482
time	 6.89 s	1584019482
time	 6.9 s	1584019483
time	 6.91 s	1584019483
time	 6.92 s	1584019483
time	 6.93 s	1584019484
time	 6.94 s	1584019484
time	 6.95 s	1584019484
time	 6.96 s	1584019485
time	 6.97 s	1584019485
time	 6.98 s	1584019485
time	 6.99 s	1584019485
time	 7.0 s	1584019486
Thu Mar 12 14:25:01 CET 2020
Happy end.
