This is pdfTeX, Version 3.14159265-2.6-1.40.20 (TeX Live 2019) (preloaded format=pdflatex 2020.1.30)  11 MAR 2020 23:26
entering extended mode
 restricted \write18 enabled.
 %&-line parsing enabled.
**examples.tex
(./examples.tex
LaTeX2e <2019-10-01> patch level 3
(/net/people/plgsbed/texlive2020/texmf-dist/tex/latex/base/article.cls
Document Class: article 2019/10/25 v1.4k Standard LaTeX document class
(/net/people/plgsbed/texlive2020/texmf-dist/tex/latex/base/size10.clo
File: size10.clo 2019/10/25 v1.4k Standard LaTeX file (size option)
)
\c@part=\count80
\c@section=\count81
\c@subsection=\count82
\c@subsubsection=\count83
\c@paragraph=\count84
\c@subparagraph=\count85
\c@figure=\count86
\c@table=\count87
\abovecaptionskip=\skip41
\belowcaptionskip=\skip42
\bibindent=\dimen102
)
(/net/people/plgsbed/texlive2020/texmf-dist/tex/latex/graphics/graphicx.sty
Package: graphicx 2017/06/01 v1.1a Enhanced LaTeX Graphics (DPC,SPQR)

(/net/people/plgsbed/texlive2020/texmf-dist/tex/latex/graphics/keyval.sty
Package: keyval 2014/10/28 v1.15 key=value parser (DPC)
\KV@toks@=\toks14
)
(/net/people/plgsbed/texlive2020/texmf-dist/tex/latex/graphics/graphics.sty
Package: graphics 2019/11/01 v1.3d Standard LaTeX Graphics (DPC,SPQR)

(/net/people/plgsbed/texlive2020/texmf-dist/tex/latex/graphics/trig.sty
Package: trig 2016/01/03 v1.10 sin cos tan (DPC)
)
(/net/people/plgsbed/texlive2020/texmf-dist/tex/latex/graphics-cfg/graphics.cfg
File: graphics.cfg 2016/06/04 v1.11 sample graphics configuration
)
Package graphics Info: Driver file: pdftex.def on input line 105.
 (/net/people/plgsbed/texlive2020/texmf-dist/tex/latex/graphics-def/pdftex.def
File: pdftex.def 2018/01/08 v1.0l Graphics/color driver for pdftex
))
\Gin@req@height=\dimen103
\Gin@req@width=\dimen104
)
No file examples.aux.
\openout1 = `examples.aux'.

LaTeX Font Info:    Checking defaults for OML/cmm/m/it on input line 3.
LaTeX Font Info:    ... okay on input line 3.
LaTeX Font Info:    Checking defaults for T1/cmr/m/n on input line 3.
LaTeX Font Info:    ... okay on input line 3.
LaTeX Font Info:    Checking defaults for OT1/cmr/m/n on input line 3.
LaTeX Font Info:    ... okay on input line 3.
LaTeX Font Info:    Checking defaults for OMS/cmsy/m/n on input line 3.
LaTeX Font Info:    ... okay on input line 3.
LaTeX Font Info:    Checking defaults for OMX/cmex/m/n on input line 3.
LaTeX Font Info:    ... okay on input line 3.
LaTeX Font Info:    Checking defaults for U/cmr/m/n on input line 3.
LaTeX Font Info:    ... okay on input line 3.

(/net/people/plgsbed/texlive2020/texmf-dist/tex/context/base/mkii/supp-pdf.mkii
[Loading MPS to PDF converter (version 2006.09.02).]
\scratchcounter=\count88
\scratchdimen=\dimen105
\scratchbox=\box27
\nofMPsegments=\count89
\nofMParguments=\count90
\everyMPshowfont=\toks15
\MPscratchCnt=\count91
\MPscratchDim=\dimen106
\MPnumerator=\count92
\makeMPintoPDFobject=\count93
\everyMPtoPDFconversion=\toks16
)
(/net/people/plgsbed/texlive2020/texmf-dist/tex/latex/epstopdf-pkg/epstopdf-bas
e.sty
Package: epstopdf-base 2019-12-09 v2.10 Base part for package epstopdf
Package epstopdf-base Info: Redefining graphics rule for `.eps' on input line 4
85.

(/net/people/plgsbed/texlive2020/texmf-dist/tex/latex/latexconfig/epstopdf-sys.
cfg
File: epstopdf-sys.cfg 2010/07/13 v1.3 Configuration of (r)epstopdf for TeX Liv
e
))
<plp_example1.pdf, id=1, 361.35pt x 216.81pt>
File: plp_example1.pdf Graphic file (type pdf)
<use plp_example1.pdf>
Package pdftex.def Info: plp_example1.pdf  used on input line 14.
(pdftex.def)             Requested size: 258.75pt x 155.24954pt.
<Buback1996_PLP.png, id=2, 427.5975pt x 309.40594pt>
File: Buback1996_PLP.png Graphic file (type png)
<use Buback1996_PLP.png>
Package pdftex.def Info: Buback1996_PLP.png  used on input line 20.
(pdftex.def)             Requested size: 258.75pt x 187.22658pt.
<plp_example2.pdf, id=3, 361.35pt x 216.81pt>
File: plp_example2.pdf Graphic file (type pdf)
<use plp_example2.pdf>
Package pdftex.def Info: plp_example2.pdf  used on input line 30.
(pdftex.def)             Requested size: 258.75pt x 155.24954pt.
 [1

{/net/people/plgsbed/texlive2020/texmf-var/fonts/map/pdftex/updmap/pdftex.map} 
<./plp_example1.pdf> <./Buback1996_PLP.png (PNG copy)>]
<Vana2002_PLP.png, id=17, 488.57532pt x 359.84438pt>
File: Vana2002_PLP.png Graphic file (type png)
<use Vana2002_PLP.png>
Package pdftex.def Info: Vana2002_PLP.png  used on input line 36.
(pdftex.def)             Requested size: 258.75pt x 190.57384pt.
 [2 <./plp_example2.pdf> <./Vana2002_PLP.png (PNG copy)>] (./examples.aux) ) 
Here is how much of TeX's memory you used:
 1015 strings out of 494071
 13666 string characters out of 6171698
 70430 words of memory out of 5000000
 5180 multiletter control sequences out of 15000+600000
 5504 words of font info for 20 fonts, out of 8000000 for 9000
 34 hyphenation exceptions out of 8191
 30i,5n,23p,201b,217s stack positions out of 5000i,500n,10000p,200000b,80000s
</n
et/people/plgsbed/texlive2020/texmf-dist/fonts/type1/public/amsfonts/cm/cmbx10.
pfb></net/people/plgsbed/texlive2020/texmf-dist/fonts/type1/public/amsfonts/cm/
cmbx12.pfb></net/people/plgsbed/texlive2020/texmf-dist/fonts/type1/public/amsfo
nts/cm/cmr10.pfb></net/people/plgsbed/texlive2020/texmf-dist/fonts/type1/public
/amsfonts/cm/cmti10.pfb>
Output written on examples.pdf (2 pages, 128459 bytes).
PDF statistics:
 39 PDF objects out of 1000 (max. 8388607)
 26 compressed objects within 1 object stream
 0 named destinations out of 1000 (max. 500000)
 21 words of extra memory for PDF output out of 10000 (max. 10000000)

